{"F:\\web development\\react\\src\\components\\Contact.js": {"path":"F:\\web development\\react\\src\\components\\Contact.js","statementMap":{"0":{"start":{"line":1,"column":16},"end":{"line":13,"column":1}},"1":{"start":{"line":2,"column":4},"end":{"line":12,"column":6}}},"fnMap":{"0":{"name":"(anonymous_0)","decl":{"start":{"line":1,"column":16},"end":{"line":1,"column":17}},"loc":{"start":{"line":1,"column":20},"end":{"line":13,"column":1}},"line":1}},"branchMap":{},"s":{"0":1,"1":4},"f":{"0":4},"b":{},"_coverageSchema":"1a1c01bbd47fc00a2c39e90264f33305004495a9","hash":"cbabbd3a3cb5aa76eb8444dc41f714de46a805c2"}
,"F:\\web development\\react\\src\\components\\sum.js": {"path":"F:\\web development\\react\\src\\components\\sum.js","statementMap":{"0":{"start":{"line":1,"column":18},"end":{"line":3,"column":1}},"1":{"start":{"line":2,"column":0},"end":{"line":2,"column":13}}},"fnMap":{"0":{"name":"(anonymous_0)","decl":{"start":{"line":1,"column":18},"end":{"line":1,"column":19}},"loc":{"start":{"line":1,"column":25},"end":{"line":3,"column":1}},"line":1}},"branchMap":{},"s":{"0":1,"1":1},"f":{"0":1},"b":{},"_coverageSchema":"1a1c01bbd47fc00a2c39e90264f33305004495a9","hash":"c06040add46e9969f6252d0663d60afde3a63af4"}
}
